[debug] [2023-07-17T19:05:36.287Z] ----------------------------------------------------------------------
[debug] [2023-07-17T19:05:36.295Z] Command:       C:\Program Files\nodejs\node.exe C:\Users\Emon\AppData\Roaming\npm\node_modules\firebase-tools\lib\bin\firebase.js deploy
[debug] [2023-07-17T19:05:36.296Z] CLI Version:   12.0.1
[debug] [2023-07-17T19:05:36.298Z] Platform:      win32
[debug] [2023-07-17T19:05:36.299Z] Node Version:  v18.16.0
[debug] [2023-07-17T19:05:36.302Z] Time:          Tue Jul 18 2023 01:05:36 GMT+0600 (Bangladesh Standard Time)
[debug] [2023-07-17T19:05:36.302Z] ----------------------------------------------------------------------
[debug] 
[debug] [2023-07-17T19:05:36.643Z] > command requires scopes: ["email","openid","https://www.googleapis.com/auth/cloudplatformprojects.readonly","https://www.googleapis.com/auth/firebase","https://www.googleapis.com/auth/cloud-platform"]
[debug] [2023-07-17T19:05:36.645Z] > authorizing via signed-in user (jfmemon1999@gmail.com)
[debug] [2023-07-17T19:05:36.645Z] [iam] checking project vromon-client-78a09 for permissions ["firebase.projects.get","firebasehosting.sites.update"]
[debug] [2023-07-17T19:05:36.651Z] > refreshing access token with scopes: []
[debug] [2023-07-17T19:05:36.658Z] >>> [apiv2][query] POST https://www.googleapis.com/oauth2/v3/token [none]
[debug] [2023-07-17T19:05:36.664Z] >>> [apiv2][body] POST https://www.googleapis.com/oauth2/v3/token [omitted]
[debug] [2023-07-17T19:05:38.315Z] <<< [apiv2][status] POST https://www.googleapis.com/oauth2/v3/token 200
[debug] [2023-07-17T19:05:38.316Z] <<< [apiv2][body] POST https://www.googleapis.com/oauth2/v3/token [omitted]
[debug] [2023-07-17T19:05:40.142Z] >>> [apiv2][query] POST https://cloudresourcemanager.googleapis.com/v1/projects/vromon-client-78a09:testIamPermissions [none]
[debug] [2023-07-17T19:05:40.142Z] >>> [apiv2][(partial)header] POST https://cloudresourcemanager.googleapis.com/v1/projects/vromon-client-78a09:testIamPermissions x-goog-quota-user=projects/vromon-client-78a09
[debug] [2023-07-17T19:05:40.142Z] >>> [apiv2][body] POST https://cloudresourcemanager.googleapis.com/v1/projects/vromon-client-78a09:testIamPermissions {"permissions":["firebase.projects.get","firebasehosting.sites.update"]}
[debug] [2023-07-17T19:05:57.717Z] <<< [apiv2][status] POST https://cloudresourcemanager.googleapis.com/v1/projects/vromon-client-78a09:testIamPermissions 200
[debug] [2023-07-17T19:05:57.717Z] <<< [apiv2][body] POST https://cloudresourcemanager.googleapis.com/v1/projects/vromon-client-78a09:testIamPermissions {"permissions":["firebase.projects.get","firebasehosting.sites.update"]}
[debug] [2023-07-17T19:05:57.721Z] >>> [apiv2][query] GET https://firebase.googleapis.com/v1beta1/projects/vromon-client-78a09 [none]
[debug] [2023-07-17T19:06:09.400Z] <<< [apiv2][status] GET https://firebase.googleapis.com/v1beta1/projects/vromon-client-78a09 200
[debug] [2023-07-17T19:06:09.400Z] <<< [apiv2][body] GET https://firebase.googleapis.com/v1beta1/projects/vromon-client-78a09 {"projectId":"vromon-client-78a09","projectNumber":"975005145377","displayName":"vromon-client","name":"projects/vromon-client-78a09","resources":{"hostingSite":"vromon-client-78a09"},"state":"ACTIVE","etag":"1_8ce3f815-34e6-4b83-bdd1-055400627d5f"}
[info] 
[info] === Deploying to 'vromon-client-78a09'...
[info] 
[info] i  deploying hosting 
[debug] [2023-07-17T19:06:09.482Z] >>> [apiv2][query] POST https://firebasehosting.googleapis.com/v1beta1/projects/-/sites/vromon-client-78a09/versions [none]
[debug] [2023-07-17T19:06:09.483Z] >>> [apiv2][body] POST https://firebasehosting.googleapis.com/v1beta1/projects/-/sites/vromon-client-78a09/versions {"status":"CREATED","labels":{"deployment-tool":"cli-firebase"}}
[debug] [2023-07-17T19:06:12.810Z] <<< [apiv2][status] POST https://firebasehosting.googleapis.com/v1beta1/projects/-/sites/vromon-client-78a09/versions 200
[debug] [2023-07-17T19:06:12.810Z] <<< [apiv2][body] POST https://firebasehosting.googleapis.com/v1beta1/projects/-/sites/vromon-client-78a09/versions {"name":"projects/975005145377/sites/vromon-client-78a09/versions/d3838fd82de49417","status":"CREATED","config":{},"labels":{"deployment-tool":"cli-firebase"}}
[info] i  hosting[vromon-client-78a09]: beginning deploy... 
[info] i  hosting[vromon-client-78a09]: found 25 files in build 
[debug] [2023-07-17T19:06:12.866Z] [hosting] uploading with 200 concurrency
[debug] [2023-07-17T19:06:13.841Z] [hosting] hash cache [YnVpbGQ] stored for 25 files
[debug] [2023-07-17T19:06:13.842Z] [hosting][hash queue][FINAL] {"max":923,"min":16,"avg":157.08,"active":0,"complete":25,"success":25,"errored":0,"retried":0,"total":25,"elapsed":965}
[debug] [2023-07-17T19:06:13.843Z] >>> [apiv2][query] POST https://firebasehosting.googleapis.com/v1beta1/projects/975005145377/sites/vromon-client-78a09/versions/d3838fd82de49417:populateFiles [none]
[debug] [2023-07-17T19:06:13.843Z] >>> [apiv2][body] POST https://firebasehosting.googleapis.com/v1beta1/projects/975005145377/sites/vromon-client-78a09/versions/d3838fd82de49417:populateFiles {"files":{"/Bandarban.json":"0fe257b873720f27ef279c81841a51c60c5625c2827fad41a0a9383deadba907","/Coxbazar.json":"ce5c39dbc07b5d1da4882fb6bfe4d97bdbe161450d0265caab0d20c28fbe091d","/Destination.json":"88195adb9800db71b3be4844d5bbbb794ef255a69b637d7cd57e5d68d31740d7","/favicon.ico":"eae62e993eb980ec8a25058c39d5a51feab118bd2100c4deebb2a9c158ec11f9","/Hotels.json":"119d15aa85a88388a71ed2ff5d841ca4172019155e762891870d301c6a888276","/logo192.png":"3ee59515172ee198f3be375979df15ac5345183e656720a381b8872b2a39dc8b","/logo512.png":"ee7e2f3fdb8209c4b6fd7bef6ba50d1b9dba30a25bb5c3126df057e1cb6f5331","/manifest.json":"aff3449bdc238776f5d6d967f19ec491b36aed5fb7f23ccff6500736fd58494a","/Rangamati.json":"09e2fb0b6595682f1538c949c912d528ce8398300938dd87a59775850248c337","/robots.txt":"bfe106a3fb878dc83461c86818bf74fc1bdc7f28538ba613cd3e775516ce8b49","/Sajek.json":"27c4007102f6e66d7d2d903a3c05f788e29780d459d55cf61fe0cb0aa993a559","/services.json":"39032827628e480ef6e15f32c200c36c1670b17defde88bd331a09b6af88c7b8","/asset-manifest.json":"9b42ec9775cad2d35c7e6da79227b73c6831224617b7ec1594fabd9313860773","/index.html":"aa14bc9167f7d7bcc59e08be46adf8ddfbc3a63d3f9878d1e792f74c296ecb45","/static/js/787.c9c43c11.chunk.js":"7177071c14263b0c19a2c02f26d8c5a70bc478f5516144dde02aa7e7ae6cd8ad","/static/js/787.c9c43c11.chunk.js.map":"37888c320267b639942fa576869713723f2fa130e4cbea701c7b7b24b136ef9a","/static/css/main.8b5c6026.css":"0a6c2f94237918aa958309f4485ac7729cfe52c873e2de5493188c250f55ce01","/static/js/main.2c9e1fa8.js.LICENSE.txt":"e1912e898fcf0ca176d45cad25be9d767c392f7f484bd8d203c0ac05cf13ed05","/static/css/main.8b5c6026.css.map":"ae16e96d31ab2631982b1949e3c717c73423c74dcc52df4448f08e6c60899ab9","/static/js/main.2c9e1fa8.js":"b817824b4a58522e0c781d1a003922d1761d6c4770f79055e778546edbfe9649","/static/media/img-3.3d6022f07be727b16ea9.jpg":"5e94d7ac55614e9e3b47156d940e228dfb65f70d731a36d844e97fe0000f056e","/static/media/img-2.363d3d8cb2f346707811.jpg":"b0bd904db02566c861027e8ef6756d865bc7fd4c447bf3b74606d4de1399a149","/static/media/img-1.66c9e88cfe5aa3b579ee.jpg":"12f43e82990bf7c7d53435e0c21c3a96589a4c85d352b39be53f0ec7304b4dc5","/static/media/img-4.48f0746c7158c4d87ba4.jpg":"230d60f04f58cb8644cf1f600404a02de886de19b6d1375129e8041d87f8c4d9","/static/js/main.2c9e1fa8.js.map":"0ae3d85ef0bce7cf75f3dc8efe1bee3e27c160c72175768ff0c0dafb486ba512"}}
[debug] [2023-07-17T19:06:14.979Z] <<< [apiv2][status] POST https://firebasehosting.googleapis.com/v1beta1/projects/975005145377/sites/vromon-client-78a09/versions/d3838fd82de49417:populateFiles 200
[debug] [2023-07-17T19:06:14.979Z] <<< [apiv2][body] POST https://firebasehosting.googleapis.com/v1beta1/projects/975005145377/sites/vromon-client-78a09/versions/d3838fd82de49417:populateFiles {"uploadRequiredHashes":["0ae3d85ef0bce7cf75f3dc8efe1bee3e27c160c72175768ff0c0dafb486ba512","b817824b4a58522e0c781d1a003922d1761d6c4770f79055e778546edbfe9649","9b42ec9775cad2d35c7e6da79227b73c6831224617b7ec1594fabd9313860773","aa14bc9167f7d7bcc59e08be46adf8ddfbc3a63d3f9878d1e792f74c296ecb45"],"uploadUrl":"https://upload-firebasehosting.googleapis.com/upload/sites/vromon-client-78a09/versions/d3838fd82de49417/files"}
[debug] [2023-07-17T19:06:14.982Z] >>> [apiv2][query] POST https://upload-firebasehosting.googleapis.com/upload/sites/vromon-client-78a09/versions/d3838fd82de49417/files/0ae3d85ef0bce7cf75f3dc8efe1bee3e27c160c72175768ff0c0dafb486ba512 [none]
[debug] [2023-07-17T19:06:14.982Z] >>> [apiv2][body] POST https://upload-firebasehosting.googleapis.com/upload/sites/vromon-client-78a09/versions/d3838fd82de49417/files/0ae3d85ef0bce7cf75f3dc8efe1bee3e27c160c72175768ff0c0dafb486ba512 [stream]
[debug] [2023-07-17T19:06:14.987Z] >>> [apiv2][query] POST https://upload-firebasehosting.googleapis.com/upload/sites/vromon-client-78a09/versions/d3838fd82de49417/files/b817824b4a58522e0c781d1a003922d1761d6c4770f79055e778546edbfe9649 [none]
[debug] [2023-07-17T19:06:14.987Z] >>> [apiv2][body] POST https://upload-firebasehosting.googleapis.com/upload/sites/vromon-client-78a09/versions/d3838fd82de49417/files/b817824b4a58522e0c781d1a003922d1761d6c4770f79055e778546edbfe9649 [stream]
[debug] [2023-07-17T19:06:14.991Z] >>> [apiv2][query] POST https://upload-firebasehosting.googleapis.com/upload/sites/vromon-client-78a09/versions/d3838fd82de49417/files/9b42ec9775cad2d35c7e6da79227b73c6831224617b7ec1594fabd9313860773 [none]
[debug] [2023-07-17T19:06:14.992Z] >>> [apiv2][body] POST https://upload-firebasehosting.googleapis.com/upload/sites/vromon-client-78a09/versions/d3838fd82de49417/files/9b42ec9775cad2d35c7e6da79227b73c6831224617b7ec1594fabd9313860773 [stream]
[debug] [2023-07-17T19:06:14.995Z] >>> [apiv2][query] POST https://upload-firebasehosting.googleapis.com/upload/sites/vromon-client-78a09/versions/d3838fd82de49417/files/aa14bc9167f7d7bcc59e08be46adf8ddfbc3a63d3f9878d1e792f74c296ecb45 [none]
[debug] [2023-07-17T19:06:14.995Z] >>> [apiv2][body] POST https://upload-firebasehosting.googleapis.com/upload/sites/vromon-client-78a09/versions/d3838fd82de49417/files/aa14bc9167f7d7bcc59e08be46adf8ddfbc3a63d3f9878d1e792f74c296ecb45 [stream]
[debug] [2023-07-17T19:06:14.998Z] [hosting][populate queue][FINAL] {"max":1147,"min":1147,"avg":1147,"active":0,"complete":1,"success":1,"errored":0,"retried":0,"total":1,"elapsed":1163}
[debug] [2023-07-17T19:06:14.999Z] [hosting] uploads queued: 4
[debug] [2023-07-17T19:06:17.650Z] <<< [apiv2][status] POST https://upload-firebasehosting.googleapis.com/upload/sites/vromon-client-78a09/versions/d3838fd82de49417/files/aa14bc9167f7d7bcc59e08be46adf8ddfbc3a63d3f9878d1e792f74c296ecb45 200
[debug] [2023-07-17T19:06:17.651Z] <<< [apiv2][body] POST https://upload-firebasehosting.googleapis.com/upload/sites/vromon-client-78a09/versions/d3838fd82de49417/files/aa14bc9167f7d7bcc59e08be46adf8ddfbc3a63d3f9878d1e792f74c296ecb45 [stream]
[debug] [2023-07-17T19:06:18.567Z] <<< [apiv2][status] POST https://upload-firebasehosting.googleapis.com/upload/sites/vromon-client-78a09/versions/d3838fd82de49417/files/9b42ec9775cad2d35c7e6da79227b73c6831224617b7ec1594fabd9313860773 200
[debug] [2023-07-17T19:06:18.568Z] <<< [apiv2][body] POST https://upload-firebasehosting.googleapis.com/upload/sites/vromon-client-78a09/versions/d3838fd82de49417/files/9b42ec9775cad2d35c7e6da79227b73c6831224617b7ec1594fabd9313860773 [stream]
[debug] [2023-07-17T19:06:18.900Z] <<< [apiv2][status] POST https://upload-firebasehosting.googleapis.com/upload/sites/vromon-client-78a09/versions/d3838fd82de49417/files/b817824b4a58522e0c781d1a003922d1761d6c4770f79055e778546edbfe9649 200
[debug] [2023-07-17T19:06:18.900Z] <<< [apiv2][body] POST https://upload-firebasehosting.googleapis.com/upload/sites/vromon-client-78a09/versions/d3838fd82de49417/files/b817824b4a58522e0c781d1a003922d1761d6c4770f79055e778546edbfe9649 [stream]
[debug] [2023-07-17T19:06:19.538Z] <<< [apiv2][status] POST https://upload-firebasehosting.googleapis.com/upload/sites/vromon-client-78a09/versions/d3838fd82de49417/files/0ae3d85ef0bce7cf75f3dc8efe1bee3e27c160c72175768ff0c0dafb486ba512 200
[debug] [2023-07-17T19:06:19.538Z] <<< [apiv2][body] POST https://upload-firebasehosting.googleapis.com/upload/sites/vromon-client-78a09/versions/d3838fd82de49417/files/0ae3d85ef0bce7cf75f3dc8efe1bee3e27c160c72175768ff0c0dafb486ba512 [stream]
[debug] [2023-07-17T19:06:19.539Z] [hosting][upload queue][FINAL] {"max":4559,"min":2670,"avg":3683.75,"active":0,"complete":4,"success":4,"errored":0,"retried":0,"total":4,"elapsed":4559}
[info] +  hosting[vromon-client-78a09]: file upload complete 
[debug] [2023-07-17T19:06:19.541Z] [hosting] deploy completed after 6725ms
[debug] [2023-07-17T19:06:19.548Z] [
  {
    "config": {
      "public": "build",
      "ignore": [
        "firebase.json",
        "**/.*",
        "**/node_modules/**"
      ],
      "rewrites": [
        {
          "source": "**",
          "destination": "/index.html"
        }
      ],
      "site": "vromon-client-78a09"
    },
    "version": "projects/975005145377/sites/vromon-client-78a09/versions/d3838fd82de49417"
  }
]
[info] i  hosting[vromon-client-78a09]: finalizing version... 
[debug] [2023-07-17T19:06:19.556Z] >>> [apiv2][query] PATCH https://firebasehosting.googleapis.com/v1beta1/projects/-/sites/vromon-client-78a09/versions/d3838fd82de49417 updateMask=status%2Cconfig
[debug] [2023-07-17T19:06:19.556Z] >>> [apiv2][body] PATCH https://firebasehosting.googleapis.com/v1beta1/projects/-/sites/vromon-client-78a09/versions/d3838fd82de49417 {"status":"FINALIZED","config":{"rewrites":[{"glob":"**","path":"/index.html"}]}}
[debug] [2023-07-17T19:06:21.142Z] <<< [apiv2][status] PATCH https://firebasehosting.googleapis.com/v1beta1/projects/-/sites/vromon-client-78a09/versions/d3838fd82de49417 200
[debug] [2023-07-17T19:06:21.142Z] <<< [apiv2][body] PATCH https://firebasehosting.googleapis.com/v1beta1/projects/-/sites/vromon-client-78a09/versions/d3838fd82de49417 {"name":"projects/975005145377/sites/vromon-client-78a09/versions/d3838fd82de49417","status":"FINALIZED","config":{"rewrites":[{"glob":"**","path":"/index.html"}]},"labels":{"deployment-tool":"cli-firebase"},"createTime":"2023-07-17T19:06:15.265968Z","createUser":{"email":"jfmemon1999@gmail.com"},"finalizeTime":"2023-07-17T19:06:23.610094Z","finalizeUser":{"email":"jfmemon1999@gmail.com"}}
[debug] [2023-07-17T19:06:21.142Z] [hosting] finalized version for vromon-client-78a09:[object Object]
[info] +  hosting[vromon-client-78a09]: version finalized 
[info] i  hosting[vromon-client-78a09]: releasing new version... 
[debug] [2023-07-17T19:06:21.147Z] >>> [apiv2][query] POST https://firebasehosting.googleapis.com/v1beta1/projects/-/sites/vromon-client-78a09/channels/live/releases versionName=projects%2F975005145377%2Fsites%2Fvromon-client-78a09%2Fversions%2Fd3838fd82de49417
[debug] [2023-07-17T19:06:21.148Z] >>> [apiv2][body] POST https://firebasehosting.googleapis.com/v1beta1/projects/-/sites/vromon-client-78a09/channels/live/releases {}
[debug] [2023-07-17T19:06:27.441Z] <<< [apiv2][status] POST https://firebasehosting.googleapis.com/v1beta1/projects/-/sites/vromon-client-78a09/channels/live/releases 200
[debug] [2023-07-17T19:06:27.441Z] <<< [apiv2][body] POST https://firebasehosting.googleapis.com/v1beta1/projects/-/sites/vromon-client-78a09/channels/live/releases {"name":"projects/975005145377/sites/vromon-client-78a09/channels/live/releases/1689620789177000","version":{"name":"projects/975005145377/sites/vromon-client-78a09/versions/d3838fd82de49417","status":"FINALIZED","config":{"rewrites":[{"glob":"**","path":"/index.html"}]},"labels":{"deployment-tool":"cli-firebase"},"createTime":"2023-07-17T19:06:15.265968Z","createUser":{"email":"jfmemon1999@gmail.com","imageUrl":"https://lh3.googleusercontent.com/a/AAcHTtdQ1_fak_c1itgi8d6B2qyYo8rDap-t6hhwDdnyY5QujDg"},"finalizeTime":"2023-07-17T19:06:23.610094Z","finalizeUser":{"email":"jfmemon1999@gmail.com","imageUrl":"https://lh3.googleusercontent.com/a/AAcHTtdQ1_fak_c1itgi8d6B2qyYo8rDap-t6hhwDdnyY5QujDg"}},"type":"DEPLOY","releaseTime":"2023-07-17T19:06:29.177Z","releaseUser":{"email":"jfmemon1999@gmail.com","imageUrl":"https://lh3.googleusercontent.com/a/AAcHTtdQ1_fak_c1itgi8d6B2qyYo8rDap-t6hhwDdnyY5QujDg"}}
[debug] [2023-07-17T19:06:27.442Z] [hosting] release: {"name":"projects/975005145377/sites/vromon-client-78a09/channels/live/releases/1689620789177000","version":{"name":"projects/975005145377/sites/vromon-client-78a09/versions/d3838fd82de49417","status":"FINALIZED","config":{"rewrites":[{"glob":"**","path":"/index.html"}]},"labels":{"deployment-tool":"cli-firebase"},"createTime":"2023-07-17T19:06:15.265968Z","createUser":{"email":"jfmemon1999@gmail.com","imageUrl":"https://lh3.googleusercontent.com/a/AAcHTtdQ1_fak_c1itgi8d6B2qyYo8rDap-t6hhwDdnyY5QujDg"},"finalizeTime":"2023-07-17T19:06:23.610094Z","finalizeUser":{"email":"jfmemon1999@gmail.com","imageUrl":"https://lh3.googleusercontent.com/a/AAcHTtdQ1_fak_c1itgi8d6B2qyYo8rDap-t6hhwDdnyY5QujDg"}},"type":"DEPLOY","releaseTime":"2023-07-17T19:06:29.177Z","releaseUser":{"email":"jfmemon1999@gmail.com","imageUrl":"https://lh3.googleusercontent.com/a/AAcHTtdQ1_fak_c1itgi8d6B2qyYo8rDap-t6hhwDdnyY5QujDg"}}
[info] +  hosting[vromon-client-78a09]: release complete 
[info] 
[info] +  Deploy complete! 
[info] 
[info] Project Console: https://console.firebase.google.com/project/vromon-client-78a09/overview
[info] Hosting URL: https://vromon-client-78a09.web.app
[debug] [2023-07-17T19:06:40.355Z] Error: Timed out.
    at Timeout.<anonymous> (C:\Users\Emon\AppData\Roaming\npm\node_modules\firebase-tools\lib\utils.js:253:49)
    at listOnTimeout (node:internal/timers:569:17)
    at process.processTimers (node:internal/timers:512:7)
[error] 
[error] Error: An unexpected error has occurred.
